<?xml version="1.0" encoding="UTF-8"?>
<!-- Generated by org.testng.reporters.JUnitXMLReporter -->
<testsuite hostname="Neils-MacBook-Pro.local" name="Default test" tests="4" failures="0" timestamp="15 Apr 2015 21:39:21 GMT" time="13.878" errors="0">
  <testcase name="goToHistorySection" time="1.222" classname="com.saucelabs.SampleSauceTest"/>
  <testcase name="verifyEditPageUI" time="2.704" classname="com.saucelabs.SampleSauceTest"/>
  <testcase name="verifyLaunch" time="0.857" classname="com.saucelabs.SampleSauceTest"/>
  <testcase name="verifySearchForUFC" time="1.871" classname="com.saucelabs.SampleSauceTest"/>
</testsuite> <!-- Default test -->
