<?xml version="1.0" encoding="UTF-8"?>
<testng-results skipped="0" failed="0" total="4" passed="4">
  <reporter-output>
  </reporter-output>
  <suite name="com.saucelabs.SampleSauceTest" duration-ms="16470" started-at="2015-04-15T16:11:15Z" finished-at="2015-04-15T16:11:31Z">
    <groups>
    </groups>
    <test name="Command line test" duration-ms="16470" started-at="2015-04-15T16:11:15Z" finished-at="2015-04-15T16:11:31Z">
      <class name="com.saucelabs.SampleSauceTest">
        <test-method status="PASS" signature="setUp(java.lang.reflect.Method)" name="setUp" is-config="true" duration-ms="2220" started-at="2015-04-15T16:11:15Z" finished-at="2015-04-15T16:11:17Z">
          <params>
            <param index="0">
              <value>
                <![CDATA[public void com.saucelabs.SampleSauceTest.goToHistorySection() throws java.lang.Exception]]>
              </value>
            </param>
          </params>
        </test-method>
        <test-method status="PASS" signature="goToHistorySection()" name="goToHistorySection" duration-ms="1884" started-at="2015-04-15T16:11:17Z" finished-at="2015-04-15T16:11:19Z">
        </test-method>
        <test-method status="PASS" signature="tearDown()" name="tearDown" is-config="true" duration-ms="100" started-at="2015-04-15T16:11:19Z" finished-at="2015-04-15T16:11:19Z">
        </test-method>
        <test-method status="PASS" signature="setUp(java.lang.reflect.Method)" name="setUp" is-config="true" duration-ms="1597" started-at="2015-04-15T16:11:19Z" finished-at="2015-04-15T16:11:20Z">
          <params>
            <param index="0">
              <value>
                <![CDATA[public void com.saucelabs.SampleSauceTest.verifyEditPageUI() throws java.lang.Exception]]>
              </value>
            </param>
          </params>
        </test-method>
        <test-method status="PASS" signature="verifyEditPageUI()" name="verifyEditPageUI" duration-ms="3066" started-at="2015-04-15T16:11:20Z" finished-at="2015-04-15T16:11:23Z">
        </test-method>
        <test-method status="PASS" signature="tearDown()" name="tearDown" is-config="true" duration-ms="114" started-at="2015-04-15T16:11:23Z" finished-at="2015-04-15T16:11:24Z">
        </test-method>
        <test-method status="PASS" signature="setUp(java.lang.reflect.Method)" name="setUp" is-config="true" duration-ms="1593" started-at="2015-04-15T16:11:24Z" finished-at="2015-04-15T16:11:25Z">
          <params>
            <param index="0">
              <value>
                <![CDATA[public void com.saucelabs.SampleSauceTest.verifyLaunch() throws java.lang.Exception]]>
              </value>
            </param>
          </params>
        </test-method>
        <test-method status="PASS" signature="verifyLaunch()" name="verifyLaunch" duration-ms="1117" started-at="2015-04-15T16:11:25Z" finished-at="2015-04-15T16:11:26Z">
        </test-method>
        <test-method status="PASS" signature="tearDown()" name="tearDown" is-config="true" duration-ms="107" started-at="2015-04-15T16:11:26Z" finished-at="2015-04-15T16:11:26Z">
        </test-method>
        <test-method status="PASS" signature="setUp(java.lang.reflect.Method)" name="setUp" is-config="true" duration-ms="1571" started-at="2015-04-15T16:11:26Z" finished-at="2015-04-15T16:11:28Z">
          <params>
            <param index="0">
              <value>
                <![CDATA[public void com.saucelabs.SampleSauceTest.verifySearchForUFC() throws java.lang.Exception]]>
              </value>
            </param>
          </params>
        </test-method>
        <test-method status="PASS" signature="verifySearchForUFC()" name="verifySearchForUFC" duration-ms="2980" started-at="2015-04-15T16:11:28Z" finished-at="2015-04-15T16:11:31Z">
        </test-method>
        <test-method status="PASS" signature="tearDown()" name="tearDown" is-config="true" duration-ms="113" started-at="2015-04-15T16:11:31Z" finished-at="2015-04-15T16:11:31Z">
        </test-method>
      </class>
    </test>
  </suite>
</testng-results>
