<?xml version="1.0" encoding="UTF-8"?>
<testng-results skipped="0" failed="0" total="4" passed="4">
  <reporter-output>
  </reporter-output>
  <suite name="Default suite" duration-ms="13878" started-at="2015-04-15T21:39:07Z" finished-at="2015-04-15T21:39:21Z">
    <groups>
    </groups>
    <test name="Default test" duration-ms="13878" started-at="2015-04-15T21:39:07Z" finished-at="2015-04-15T21:39:21Z">
      <class name="com.saucelabs.SampleSauceTest">
        <test-method status="PASS" signature="setUp(java.lang.reflect.Method)[pri:0, instance:com.saucelabs.SampleSauceTest@2c766a24]" name="setUp" is-config="true" duration-ms="2126" started-at="2015-04-15T14:39:07Z" finished-at="2015-04-15T14:39:09Z">
          <params>
            <param index="0">
              <value>
                <![CDATA[public void com.saucelabs.SampleSauceTest.goToHistorySection() throws java.lang.Exception]]>
              </value>
            </param>
          </params>
          <reporter-output>
          </reporter-output>
        </test-method> <!-- setUp -->
        <test-method status="PASS" signature="goToHistorySection()[pri:0, instance:com.saucelabs.SampleSauceTest@2c766a24]" name="goToHistorySection" duration-ms="1222" started-at="2015-04-15T14:39:09Z" finished-at="2015-04-15T14:39:11Z">
          <reporter-output>
          </reporter-output>
        </test-method> <!-- goToHistorySection -->
        <test-method status="PASS" signature="tearDown()[pri:0, instance:com.saucelabs.SampleSauceTest@2c766a24]" name="tearDown" is-config="true" duration-ms="102" started-at="2015-04-15T14:39:11Z" finished-at="2015-04-15T14:39:11Z">
          <reporter-output>
          </reporter-output>
        </test-method> <!-- tearDown -->
        <test-method status="PASS" signature="setUp(java.lang.reflect.Method)[pri:0, instance:com.saucelabs.SampleSauceTest@2c766a24]" name="setUp" is-config="true" duration-ms="1565" started-at="2015-04-15T14:39:11Z" finished-at="2015-04-15T14:39:12Z">
          <params>
            <param index="0">
              <value>
                <![CDATA[public void com.saucelabs.SampleSauceTest.verifyEditPageUI() throws java.lang.Exception]]>
              </value>
            </param>
          </params>
          <reporter-output>
          </reporter-output>
        </test-method> <!-- setUp -->
        <test-method status="PASS" signature="verifyEditPageUI()[pri:0, instance:com.saucelabs.SampleSauceTest@2c766a24]" name="verifyEditPageUI" duration-ms="2704" started-at="2015-04-15T14:39:12Z" finished-at="2015-04-15T14:39:15Z">
          <reporter-output>
          </reporter-output>
        </test-method> <!-- verifyEditPageUI -->
        <test-method status="PASS" signature="tearDown()[pri:0, instance:com.saucelabs.SampleSauceTest@2c766a24]" name="tearDown" is-config="true" duration-ms="109" started-at="2015-04-15T14:39:15Z" finished-at="2015-04-15T14:39:15Z">
          <reporter-output>
          </reporter-output>
        </test-method> <!-- tearDown -->
        <test-method status="PASS" signature="setUp(java.lang.reflect.Method)[pri:0, instance:com.saucelabs.SampleSauceTest@2c766a24]" name="setUp" is-config="true" duration-ms="1560" started-at="2015-04-15T14:39:15Z" finished-at="2015-04-15T14:39:17Z">
          <params>
            <param index="0">
              <value>
                <![CDATA[public void com.saucelabs.SampleSauceTest.verifyLaunch() throws java.lang.Exception]]>
              </value>
            </param>
          </params>
          <reporter-output>
          </reporter-output>
        </test-method> <!-- setUp -->
        <test-method status="PASS" signature="verifyLaunch()[pri:0, instance:com.saucelabs.SampleSauceTest@2c766a24]" name="verifyLaunch" duration-ms="857" started-at="2015-04-15T14:39:17Z" finished-at="2015-04-15T14:39:18Z">
          <reporter-output>
          </reporter-output>
        </test-method> <!-- verifyLaunch -->
        <test-method status="PASS" signature="tearDown()[pri:0, instance:com.saucelabs.SampleSauceTest@2c766a24]" name="tearDown" is-config="true" duration-ms="108" started-at="2015-04-15T14:39:18Z" finished-at="2015-04-15T14:39:18Z">
          <reporter-output>
          </reporter-output>
        </test-method> <!-- tearDown -->
        <test-method status="PASS" signature="setUp(java.lang.reflect.Method)[pri:0, instance:com.saucelabs.SampleSauceTest@2c766a24]" name="setUp" is-config="true" duration-ms="1532" started-at="2015-04-15T14:39:18Z" finished-at="2015-04-15T14:39:19Z">
          <params>
            <param index="0">
              <value>
                <![CDATA[public void com.saucelabs.SampleSauceTest.verifySearchForUFC() throws java.lang.Exception]]>
              </value>
            </param>
          </params>
          <reporter-output>
          </reporter-output>
        </test-method> <!-- setUp -->
        <test-method status="PASS" signature="verifySearchForUFC()[pri:0, instance:com.saucelabs.SampleSauceTest@2c766a24]" name="verifySearchForUFC" duration-ms="1871" started-at="2015-04-15T14:39:19Z" finished-at="2015-04-15T14:39:21Z">
          <reporter-output>
          </reporter-output>
        </test-method> <!-- verifySearchForUFC -->
        <test-method status="PASS" signature="tearDown()[pri:0, instance:com.saucelabs.SampleSauceTest@2c766a24]" name="tearDown" is-config="true" duration-ms="110" started-at="2015-04-15T14:39:21Z" finished-at="2015-04-15T14:39:21Z">
          <reporter-output>
          </reporter-output>
        </test-method> <!-- tearDown -->
      </class> <!-- com.saucelabs.SampleSauceTest -->
    </test> <!-- Default test -->
  </suite> <!-- Default suite -->
</testng-results>
