<?xml version="1.0" encoding="UTF-8"?>
<testng-results skipped="0" failed="0" total="2" passed="2">
  <reporter-output>
  </reporter-output>
  <suite name="Default suite" duration-ms="5008" started-at="2015-04-14T17:11:58Z" finished-at="2015-04-14T17:12:03Z">
    <groups>
    </groups>
    <test name="Default test" duration-ms="5008" started-at="2015-04-14T17:11:58Z" finished-at="2015-04-14T17:12:03Z">
      <class name="TestNGExample">
        <test-method status="PASS" signature="setUp(java.lang.reflect.Method)[pri:0, instance:TestNGExample@6f9bb25a]" name="setUp" is-config="true" duration-ms="2843" started-at="2015-04-14T10:11:58Z" finished-at="2015-04-14T10:12:01Z">
          <params>
            <param index="0">
              <value>
                <![CDATA[public void TestNGExample.verifyLaunchUI() throws java.lang.Exception]]>
              </value>
            </param>
          </params>
          <reporter-output>
          </reporter-output>
        </test-method> <!-- setUp -->
        <test-method status="PASS" signature="verifyLaunchUI()[pri:0, instance:TestNGExample@6f9bb25a]" name="verifyLaunchUI" duration-ms="135" started-at="2015-04-14T10:12:01Z" finished-at="2015-04-14T10:12:01Z">
          <reporter-output>
          </reporter-output>
        </test-method> <!-- verifyLaunchUI -->
        <test-method status="PASS" signature="tearDown()[pri:0, instance:TestNGExample@6f9bb25a]" name="tearDown" is-config="true" duration-ms="103" started-at="2015-04-14T10:12:01Z" finished-at="2015-04-14T10:12:01Z">
          <reporter-output>
          </reporter-output>
        </test-method> <!-- tearDown -->
        <test-method status="PASS" signature="setUp(java.lang.reflect.Method)[pri:0, instance:TestNGExample@6f9bb25a]" name="setUp" is-config="true" duration-ms="1757" started-at="2015-04-14T10:12:01Z" finished-at="2015-04-14T10:12:03Z">
          <params>
            <param index="0">
              <value>
                <![CDATA[public void TestNGExample.verifyTitle() throws java.lang.Exception]]>
              </value>
            </param>
          </params>
          <reporter-output>
          </reporter-output>
        </test-method> <!-- setUp -->
        <test-method status="PASS" signature="verifyTitle()[pri:0, instance:TestNGExample@6f9bb25a]" name="verifyTitle" duration-ms="53" started-at="2015-04-14T10:12:03Z" finished-at="2015-04-14T10:12:03Z">
          <reporter-output>
          </reporter-output>
        </test-method> <!-- verifyTitle -->
        <test-method status="PASS" signature="tearDown()[pri:0, instance:TestNGExample@6f9bb25a]" name="tearDown" is-config="true" duration-ms="104" started-at="2015-04-14T10:12:03Z" finished-at="2015-04-14T10:12:03Z">
          <reporter-output>
          </reporter-output>
        </test-method> <!-- tearDown -->
      </class> <!-- TestNGExample -->
    </test> <!-- Default test -->
  </suite> <!-- Default suite -->
</testng-results>
